2026-03-31 13:01:26,671 [INFO] Using device: cuda
2026-03-31 13:01:26,707 [INFO]   GPU: NVIDIA GeForce RTX 5060 Ti | Memory: 8.5 GB
2026-03-31 13:01:26,741 [INFO] Dataset validated — 5000 images found.
2026-03-31 13:01:38,292 [INFO] Loaded 5000 valid annotations.
2026-03-31 13:01:38,292 [INFO] Split: 3750 train | 750 val | 500 test
2026-03-31 13:01:38,985 [INFO] Model: ResNet-50 | Params: 24,724,936 total | 16,181,640 trainable
2026-03-31 13:02:41,715 [INFO] Epoch 001/030 | Loss: 0.0157 / 0.0120 | NME: 0.2793 / 0.1859 | AUC: 0.0020 / 0.0896 | LR: 1.00e-03 | 62.7s
2026-03-31 13:02:42,934 [INFO]   ✓ Best model saved (val_nme=0.1859)
2026-03-31 13:03:36,206 [INFO] Epoch 002/030 | Loss: 0.0088 / 0.0055 | NME: 0.2141 / 0.1731 | AUC: 0.0025 / 0.0661 | LR: 1.00e-03 | 53.3s
2026-03-31 13:03:37,502 [INFO]   ✓ Best model saved (val_nme=0.1731)
2026-03-31 13:04:36,648 [INFO] Epoch 003/030 | Loss: 0.0076 / 0.0065 | NME: 0.2060 / 0.1572 | AUC: 0.0076 / 0.0941 | LR: 1.00e-03 | 59.1s
2026-03-31 13:04:38,115 [INFO]   ✓ Best model saved (val_nme=0.1572)
2026-03-31 13:05:32,902 [INFO] Epoch 004/030 | Loss: 0.0061 / 0.0043 | NME: 0.1847 / 0.1379 | AUC: 0.0169 / 0.1071 | LR: 1.00e-03 | 54.8s
2026-03-31 13:05:34,238 [INFO]   ✓ Best model saved (val_nme=0.1379)
2026-03-31 13:06:37,956 [INFO] Epoch 005/030 | Loss: 0.0047 / 0.0069 | NME: 0.1645 / 0.1617 | AUC: 0.0364 / 0.0758 | LR: 1.00e-03 | 63.7s
2026-03-31 13:07:43,572 [INFO] Epoch 006/030 | Loss: 0.0040 / 0.0039 | NME: 0.1543 / 0.1351 | AUC: 0.0495 / 0.1078 | LR: 1.00e-03 | 65.6s
2026-03-31 13:07:44,888 [INFO]   ✓ Best model saved (val_nme=0.1351)
2026-03-31 13:08:39,936 [INFO] Epoch 007/030 | Loss: 0.0032 / 0.0039 | NME: 0.1428 / 0.1307 | AUC: 0.0640 / 0.1333 | LR: 1.00e-03 | 55.0s
2026-03-31 13:08:41,282 [INFO]   ✓ Best model saved (val_nme=0.1307)
2026-03-31 13:09:36,861 [INFO] Epoch 008/030 | Loss: 0.0026 / 0.0016 | NME: 0.1300 / 0.1028 | AUC: 0.0889 / 0.1930 | LR: 1.00e-03 | 55.6s
2026-03-31 13:09:38,273 [INFO]   ✓ Best model saved (val_nme=0.1028)
2026-03-31 13:10:34,698 [INFO] Epoch 009/030 | Loss: 0.0020 / 0.0048 | NME: 0.1134 / 0.1081 | AUC: 0.1412 / 0.2850 | LR: 1.00e-03 | 56.4s
2026-03-31 13:11:25,715 [INFO] Epoch 010/030 | Loss: 0.0015 / 0.0027 | NME: 0.0969 / 0.0939 | AUC: 0.1900 / 0.3094 | LR: 1.00e-03 | 51.0s
2026-03-31 13:11:26,921 [INFO]   ✓ Best model saved (val_nme=0.0939)
2026-03-31 13:12:19,198 [INFO] Epoch 011/030 | Loss: 0.0012 / 0.0011 | NME: 0.0858 / 0.0707 | AUC: 0.2450 / 0.3755 | LR: 1.00e-03 | 52.3s
2026-03-31 13:12:20,523 [INFO]   ✓ Best model saved (val_nme=0.0707)
2026-03-31 13:13:09,750 [INFO] Epoch 012/030 | Loss: 0.0012 / 0.0012 | NME: 0.0865 / 0.0737 | AUC: 0.2420 / 0.3820 | LR: 1.00e-03 | 49.2s
2026-03-31 13:14:01,157 [INFO] Epoch 013/030 | Loss: 0.0010 / 0.0010 | NME: 0.0795 / 0.0648 | AUC: 0.2827 / 0.4374 | LR: 1.00e-03 | 51.4s
2026-03-31 13:14:02,345 [INFO]   ✓ Best model saved (val_nme=0.0648)
2026-03-31 13:14:51,272 [INFO] Epoch 014/030 | Loss: 0.0008 / 0.0025 | NME: 0.0747 / 0.0777 | AUC: 0.3068 / 0.4287 | LR: 1.00e-03 | 48.9s
2026-03-31 13:14:51,272 [INFO] === Phase 2: Unfreezing backbone for fine-tuning ===
2026-03-31 13:14:51,273 [INFO] All backbone parameters unfrozen for fine-tuning.
2026-03-31 13:15:43,577 [INFO] Epoch 015/030 | Loss: 0.0007 / 0.0017 | NME: 0.0663 / 0.0642 | AUC: 0.3720 / 0.4896 | LR: 9.90e-05 | 52.3s
2026-03-31 13:15:45,190 [INFO]   ✓ Best model saved (val_nme=0.0642)
2026-03-31 13:16:38,621 [INFO] Epoch 016/030 | Loss: 0.0007 / 0.0009 | NME: 0.0689 / 0.0592 | AUC: 0.3558 / 0.4808 | LR: 9.62e-05 | 53.4s
2026-03-31 13:16:40,322 [INFO]   ✓ Best model saved (val_nme=0.0592)
2026-03-31 13:17:30,116 [INFO] Epoch 017/030 | Loss: 0.0007 / 0.0013 | NME: 0.0679 / 0.0600 | AUC: 0.3605 / 0.4894 | LR: 9.17e-05 | 49.8s
2026-03-31 13:18:23,190 [INFO] Epoch 018/030 | Loss: 0.0007 / 0.0011 | NME: 0.0663 / 0.0564 | AUC: 0.3713 / 0.5105 | LR: 8.55e-05 | 53.1s
2026-03-31 13:18:24,798 [INFO]   ✓ Best model saved (val_nme=0.0564)
2026-03-31 13:19:17,964 [INFO] Epoch 019/030 | Loss: 0.0007 / 0.0016 | NME: 0.0667 / 0.0629 | AUC: 0.3724 / 0.5014 | LR: 7.80e-05 | 53.2s
2026-03-31 13:20:08,275 [INFO] Epoch 020/030 | Loss: 0.0006 / 0.0035 | NME: 0.0643 / 0.0754 | AUC: 0.3898 / 0.5049 | LR: 6.94e-05 | 50.3s
2026-03-31 13:21:01,753 [INFO] Epoch 021/030 | Loss: 0.0006 / 0.0006 | NME: 0.0629 / 0.0499 | AUC: 0.3995 / 0.5341 | LR: 6.02e-05 | 53.5s
2026-03-31 13:21:03,371 [INFO]   ✓ Best model saved (val_nme=0.0499)
2026-03-31 13:21:56,006 [INFO] Epoch 022/030 | Loss: 0.0006 / 0.0028 | NME: 0.0630 / 0.0685 | AUC: 0.3994 / 0.5370 | LR: 5.05e-05 | 52.6s
2026-03-31 13:22:53,083 [INFO] Epoch 023/030 | Loss: 0.0006 / 0.0020 | NME: 0.0622 / 0.0617 | AUC: 0.4065 / 0.5385 | LR: 4.08e-05 | 57.1s
2026-03-31 13:23:49,116 [INFO] Epoch 024/030 | Loss: 0.0006 / 0.0011 | NME: 0.0615 / 0.0542 | AUC: 0.4135 / 0.5436 | LR: 3.16e-05 | 56.0s
2026-03-31 13:24:44,244 [INFO] Epoch 025/030 | Loss: 0.0006 / 0.0029 | NME: 0.0609 / 0.0687 | AUC: 0.4165 / 0.5379 | LR: 2.30e-05 | 55.1s
2026-03-31 13:25:42,825 [INFO] Epoch 026/030 | Loss: 0.0006 / 0.0043 | NME: 0.0601 / 0.0753 | AUC: 0.4234 / 0.5463 | LR: 1.55e-05 | 58.6s
2026-03-31 13:26:36,569 [INFO] Epoch 027/030 | Loss: 0.0006 / 0.0031 | NME: 0.0604 / 0.0680 | AUC: 0.4210 / 0.5355 | LR: 9.34e-06 | 53.7s
2026-03-31 13:27:39,474 [INFO] Epoch 028/030 | Loss: 0.0005 / 0.0025 | NME: 0.0597 / 0.0643 | AUC: 0.4283 / 0.5402 | LR: 4.77e-06 | 62.9s
2026-03-31 13:28:42,866 [INFO] Epoch 029/030 | Loss: 0.0005 / 0.0039 | NME: 0.0598 / 0.0718 | AUC: 0.4244 / 0.5513 | LR: 1.95e-06 | 63.4s
2026-03-31 13:29:43,066 [INFO] Epoch 030/030 | Loss: 0.0005 / 0.0019 | NME: 0.0600 / 0.0583 | AUC: 0.4217 / 0.5557 | LR: 1.00e-06 | 60.2s
2026-03-31 13:29:43,066 [INFO] Training complete. Best val NME: 0.0499
2026-03-31 13:29:44,565 [INFO] Best checkpoint loaded for final evaluation.
2026-03-31 13:29:50,725 [INFO] === TEST SET RESULTS ===
  SmoothL1 Loss : 0.0005
  NME           : 0.0494
  AUC@0.1       : 0.5325
2026-03-31 13:29:51,892 [INFO] Training history saved → outputs/training_history.png
2026-03-31 13:29:55,170 [INFO] Prediction visualisation saved → outputs/predictions.png
2026-03-31 13:30:01,580 [INFO] Per-landmark error chart saved → outputs/per_landmark_error.png
2026-03-31 13:30:07,715 [INFO] CED curve saved → outputs/ced_curve.png
2026-03-31 13:30:07,715 [INFO] All outputs saved to: outputs/
